12:52:40 **** Build of configuration Debug for project Multi_HCSR04 ****
make -j4 all 
arm-none-eabi-gcc "../util/DWT_Delay.c" -mcpu=cortex-m3 -std=gnu11 -g3 -DUSE_HAL_DRIVER -DSTM32F103xB -DDEBUG -c -I../Inc -I../Drivers/CMSIS/Device/ST/STM32F1xx/Include -I../Drivers/CMSIS/Include -I../Drivers/STM32F1xx_HAL_Driver/Inc/Legacy -I../Drivers/STM32F1xx_HAL_Driver/Inc -O0 -ffunction-sections -fdata-sections -Wall -fstack-usage -MMD -MP -MF"util/DWT_Delay.d" -MT"util/DWT_Delay.o" --specs=nano.specs -mfloat-abi=soft -mthumb -o "util/DWT_Delay.o"
arm-none-eabi-gcc "../util/Timer_Delay.c" -mcpu=cortex-m3 -std=gnu11 -g3 -DUSE_HAL_DRIVER -DSTM32F103xB -DDEBUG -c -I../Inc -I../Drivers/CMSIS/Device/ST/STM32F1xx/Include -I../Drivers/CMSIS/Include -I../Drivers/STM32F1xx_HAL_Driver/Inc/Legacy -I../Drivers/STM32F1xx_HAL_Driver/Inc -O0 -ffunction-sections -fdata-sections -Wall -fstack-usage -MMD -MP -MF"util/Timer_Delay.d" -MT"util/Timer_Delay.o" --specs=nano.specs -mfloat-abi=soft -mthumb -o "util/Timer_Delay.o"
arm-none-eabi-gcc -mcpu=cortex-m3 -g3 -c -x assembler-with-cpp -MMD -MP -MF"Startup/startup_stm32f103c8tx.d" -MT"Startup/startup_stm32f103c8tx.o" --specs=nano.specs -mfloat-abi=soft -mthumb -o "Startup/startup_stm32f103c8tx.o" "../Startup/startup_stm32f103c8tx.s"
arm-none-eabi-gcc "../Src/main.c" -mcpu=cortex-m3 -std=gnu11 -g3 -DUSE_HAL_DRIVER -DSTM32F103xB -DDEBUG -c -I../Inc -I../Drivers/CMSIS/Device/ST/STM32F1xx/Include -I../Drivers/CMSIS/Include -I../Drivers/STM32F1xx_HAL_Driver/Inc/Legacy -I../Drivers/STM32F1xx_HAL_Driver/Inc -O0 -ffunction-sections -fdata-sections -Wall -fstack-usage -MMD -MP -MF"Src/main.d" -MT"Src/main.o" --specs=nano.specs -mfloat-abi=soft -mthumb -o "Src/main.o"
../util/Timer_Delay.c: In function 'TimerDelay_Init':
../util/Timer_Delay.c:33:27: warning: passing argument 1 of 'HAL_TIM_Base_Init' discards 'volatile' qualifier from pointer target type [-Wdiscarded-qualifiers]
   33 |     if (HAL_TIM_Base_Init(&HTIMx) != HAL_OK)
      |                           ^~~~~~
In file included from ../Inc/stm32f1xx_hal_conf.h:333,
                 from ../Drivers/STM32F1xx_HAL_Driver/Inc/stm32f1xx_hal.h:30,
                 from ../util/Timer_Delay.h:18,
                 from ../util/Timer_Delay.c:13:
../Drivers/STM32F1xx_HAL_Driver/Inc/stm32f1xx_hal_tim.h:1863:56: note: expected 'TIM_HandleTypeDef *' {aka 'struct <anonymous> *'} but argument is of type 'volatile TIM_HandleTypeDef *' {aka 'volatile struct <anonymous> *'}
 1863 | HAL_StatusTypeDef HAL_TIM_Base_Init(TIM_HandleTypeDef *htim);
      |                                     ~~~~~~~~~~~~~~~~~~~^~~~
../Src/main.c:3:10: fatal error: HCSR04/HCSR04.h: No such file or directory
    3 | #include "HCSR04/HCSR04.h"
      |          ^~~~~~~~~~~~~~~~~
compilation terminated.
../util/Timer_Delay.c:35:7: warning: implicit declaration of function 'Error_Handler' [-Wimplicit-function-declaration]
   35 |       Error_Handler();
      |       ^~~~~~~~~~~~~
../util/Timer_Delay.c:38:35: warning: passing argument 1 of 'HAL_TIM_ConfigClockSource' discards 'volatile' qualifier from pointer target type [-Wdiscarded-qualifiers]
   38 |     if (HAL_TIM_ConfigClockSource(&HTIMx, &sClockSourceConfig) != HAL_OK)
      |                                   ^~~~~~
In file included from ../Inc/stm32f1xx_hal_conf.h:333,
                 from ../Drivers/STM32F1xx_HAL_Driver/Inc/stm32f1xx_hal.h:30,
                 from ../util/Timer_Delay.h:18,
                 from ../util/Timer_Delay.c:13:
../Drivers/STM32F1xx_HAL_Driver/Inc/stm32f1xx_hal_tim.h:2010:64: note: expected 'TIM_HandleTypeDef *' {aka 'struct <anonymous> *'} but argument is of type 'volatile TIM_HandleTypeDef *' {aka 'volatile struct <anonymous> *'}
 2010 | HAL_StatusTypeDef HAL_TIM_ConfigClockSource(TIM_HandleTypeDef *htim, TIM_ClockConfigTypeDef *sClockSourceConfig);
      |                                             ~~~~~~~~~~~~~~~~~~~^~~~
../util/Timer_Delay.c:44:47: warning: passing argument 1 of 'HAL_TIMEx_MasterConfigSynchronization' discards 'volatile' qualifier from pointer target type [-Wdiscarded-qualifiers]
   44 |     if (HAL_TIMEx_MasterConfigSynchronization(&HTIMx, &sMasterConfig) != HAL_OK)
      |                                               ^~~~~~
In file included from ../Drivers/STM32F1xx_HAL_Driver/Inc/stm32f1xx_hal_tim.h:1851,
                 from ../Inc/stm32f1xx_hal_conf.h:333,
                 from ../Drivers/STM32F1xx_HAL_Driver/Inc/stm32f1xx_hal.h:30,
                 from ../util/Timer_Delay.h:18,
                 from ../util/Timer_Delay.c:13:
../Drivers/STM32F1xx_HAL_Driver/Inc/stm32f1xx_hal_tim_ex.h:199:76: note: expected 'TIM_HandleTypeDef *' {aka 'struct <anonymous> *'} but argument is of type 'volatile TIM_HandleTypeDef *' {aka 'volatile struct <anonymous> *'}
  199 | HAL_StatusTypeDef HAL_TIMEx_MasterConfigSynchronization(TIM_HandleTypeDef *htim,
      |                                                         ~~~~~~~~~~~~~~~~~~~^~~~
arm-none-eabi-gcc "../Src/stm32f1xx_hal_msp.c" -mcpu=cortex-m3 -std=gnu11 -g3 -DUSE_HAL_DRIVER -DSTM32F103xB -DDEBUG -c -I../Inc -I../Drivers/CMSIS/Device/ST/STM32F1xx/Include -I../Drivers/CMSIS/Include -I../Drivers/STM32F1xx_HAL_Driver/Inc/Legacy -I../Drivers/STM32F1xx_HAL_Driver/Inc -O0 -ffunction-sections -fdata-sections -Wall -fstack-usage -MMD -MP -MF"Src/stm32f1xx_hal_msp.d" -MT"Src/stm32f1xx_hal_msp.o" --specs=nano.specs -mfloat-abi=soft -mthumb -o "Src/stm32f1xx_hal_msp.o"
../util/Timer_Delay.c:49:24: warning: passing argument 1 of 'HAL_TIM_Base_Start' discards 'volatile' qualifier from pointer target type [-Wdiscarded-qualifiers]
   49 |     HAL_TIM_Base_Start(&HTIMx);
      |                        ^~~~~~
In file included from ../Inc/stm32f1xx_hal_conf.h:333,
                 from ../Drivers/STM32F1xx_HAL_Driver/Inc/stm32f1xx_hal.h:30,
                 from ../util/Timer_Delay.h:18,
                 from ../util/Timer_Delay.c:13:
../Drivers/STM32F1xx_HAL_Driver/Inc/stm32f1xx_hal_tim.h:1868:57: note: expected 'TIM_HandleTypeDef *' {aka 'struct <anonymous> *'} but argument is of type 'volatile TIM_HandleTypeDef *' {aka 'volatile struct <anonymous> *'}
 1868 | HAL_StatusTypeDef HAL_TIM_Base_Start(TIM_HandleTypeDef *htim);
      |                                      ~~~~~~~~~~~~~~~~~~~^~~~
make: *** [Src/subdir.mk:34: Src/main.o] Error 1
make: *** Waiting for unfinished jobs....
"make -j4 all" terminated with exit code 2. Build might be incomplete.

12:52:42 Build Failed. 3 errors, 5 warnings. (took 2s.103ms)

